<?xml version="1.0" encoding="UTF-8"?>
<testng-results skipped="0" failed="0" total="3" passed="3">
  <reporter-output>
  </reporter-output>
  <suite name="Structure Patterns Suite" duration-ms="12133" started-at="2019-12-04T13:56:43Z" finished-at="2019-12-04T13:56:55Z">
    <groups>
    </groups>
    <test name="Use page object pattern" duration-ms="12133" started-at="2019-12-04T13:56:43Z" finished-at="2019-12-04T13:56:55Z">
      <class name="tests.structurePatternTests.PageObjectPatternTests">
        <test-method status="PASS" signature="setup()[pri:0, instance:tests.structurePatternTests.PageObjectPatternTests@97e1986]" name="setup" is-config="true" duration-ms="6502" started-at="2019-12-04T16:56:43Z" finished-at="2019-12-04T16:56:50Z">
          <reporter-output>
          </reporter-output>
        </test-method> <!-- setup -->
        <test-method status="PASS" signature="testSetUp()[pri:0, instance:tests.structurePatternTests.PageObjectPatternTests@97e1986]" name="testSetUp" is-config="true" duration-ms="4719" started-at="2019-12-04T16:56:50Z" depends-on-methods="tests.BasicTestsSettings.setup" finished-at="2019-12-04T16:56:54Z">
          <reporter-output>
          </reporter-output>
        </test-method> <!-- testSetUp -->
        <test-method status="PASS" signature="checkTaxID()[pri:0, instance:tests.structurePatternTests.PageObjectPatternTests@97e1986]" name="checkTaxID" duration-ms="204" started-at="2019-12-04T16:56:54Z" finished-at="2019-12-04T16:56:55Z">
          <reporter-output>
          </reporter-output>
        </test-method> <!-- checkTaxID -->
        <test-method status="PASS" signature="checkFirstName()[pri:1, instance:tests.structurePatternTests.PageObjectPatternTests@97e1986]" name="checkFirstName" duration-ms="17" started-at="2019-12-04T16:56:55Z" finished-at="2019-12-04T16:56:55Z">
          <reporter-output>
          </reporter-output>
        </test-method> <!-- checkFirstName -->
        <test-method status="PASS" signature="checkLastName()[pri:2, instance:tests.structurePatternTests.PageObjectPatternTests@97e1986]" name="checkLastName" duration-ms="14" started-at="2019-12-04T16:56:55Z" finished-at="2019-12-04T16:56:55Z">
          <reporter-output>
          </reporter-output>
        </test-method> <!-- checkLastName -->
        <test-method status="PASS" signature="tearDown()[pri:0, instance:tests.structurePatternTests.PageObjectPatternTests@97e1986]" name="tearDown" is-config="true" duration-ms="663" started-at="2019-12-04T16:56:55Z" finished-at="2019-12-04T16:56:55Z">
          <reporter-output>
          </reporter-output>
        </test-method> <!-- tearDown -->
      </class> <!-- tests.structurePatternTests.PageObjectPatternTests -->
    </test> <!-- Use page object pattern -->
  </suite> <!-- Structure Patterns Suite -->
  <suite name="Test Suite" duration-ms="0" started-at="2019-12-04T13:56:55Z" finished-at="2019-12-04T13:56:55Z">
    <groups>
    </groups>
  </suite> <!-- Test Suite -->
</testng-results>
