<?xml version="1.0" encoding="UTF-8"?>
<!-- Generated by org.testng.reporters.JUnitXMLReporter -->
<testsuite hostname="PC002-SG-Kulba-A" name="Use page object pattern" tests="3" failures="0" timestamp="4 Dec 2019 13:56:55 GMT" time="12.133" errors="0">
  <testcase name="checkTaxID" time="0.204" classname="tests.structurePatternTests.PageObjectPatternTests"/>
  <testcase name="checkFirstName" time="0.017" classname="tests.structurePatternTests.PageObjectPatternTests"/>
  <testcase name="checkLastName" time="0.014" classname="tests.structurePatternTests.PageObjectPatternTests"/>
</testsuite> <!-- Use page object pattern -->
